08/04/2023 01:51:13 PM Ferdig
08/04/2023 13:52:16 Ferdig
08/04/2023 14:35:10 ('027364', Decimal('235.32336000000000000000'), Decimal('399.00000000000000000000'))
08/04/2023 14:35:10 ('027364', Decimal('235.323360'), Decimal('399.000000'), '027364')
08/04/2023 14:35:14 ('043675', Decimal('2.32000000000000000000'), Decimal('5.00000000000000000000'))
08/04/2023 14:35:14 ('043675', Decimal('2.320000'), Decimal('5.000000'), 'POS2')
08/04/2023 14:35:14 ('043676', Decimal('1.16000000000000000000'), Decimal('4.00000000000000000000'))
08/04/2023 14:35:14 ('043676', Decimal('1.160000'), Decimal('4.000000'), 'POS1')
08/04/2023 14:53:42 Ferdig
08/07/2023 08:29:07 Ferdig
08/07/2023 08:46:35 Ferdig
08/07/2023 08:47:22 Ferdig
08/07/2023 08:47:49 Ferdig
08/07/2023 08:48:12 ('018547', Decimal('239.73000000000000000000'), Decimal('599.00000000000000000000'))
08/07/2023 08:48:12 ('018547', Decimal('239.730000'), Decimal('599.000000'), '1460008')
08/08/2023 12:50:59 ('044738', Decimal('2770.20000000000000000000'), Decimal('3998.00000000000000000000'))
08/08/2023 12:50:59 ('044738', Decimal('2770.200000'), Decimal('3998.000000'), '044738')
08/08/2023 12:51:04 ('019284', Decimal('43.32000000000000000000'), Decimal('89.00000000000000000000'))
08/08/2023 12:51:04 ('019284', Decimal('43.320000'), Decimal('89.000000'), '47035100')
08/08/2023 12:51:04 ('019285', Decimal('43.32000000000000000000'), Decimal('89.00000000000000000000'))
08/08/2023 12:51:04 ('019285', Decimal('43.320000'), Decimal('89.000000'), '47047100')
08/08/2023 12:51:04 ('019286', Decimal('43.32000000000000000000'), Decimal('89.00000000000000000000'))
08/08/2023 12:51:04 ('019286', Decimal('43.320000'), Decimal('89.000000'), '47048100')
08/08/2023 12:51:04 ('019282', Decimal('88.92000000000000000000'), Decimal('169.00000000000000000000'))
08/08/2023 12:51:04 ('019282', Decimal('88.920000'), Decimal('169.000000'), '47045100')
08/09/2023 10:06:01 ('006759', Decimal('55.68000000000000000000'), Decimal('169.00000000000000000000'))
08/09/2023 10:06:01 ('006759', Decimal('55.680000'), Decimal('169.000000'), 'MF-308-320')
08/09/2023 10:06:01 ('031382', Decimal('1381.56000000000000000000'), Decimal('2299.00000000000000000000'))
08/09/2023 10:06:01 ('031382', Decimal('1381.560000'), Decimal('2299.000000'), '031382')
08/09/2023 23:00:13 ('047869', Decimal('113.23620000000000000000'), Decimal('229.00000000000000000000'))
08/09/2023 23:00:13 ('047869', Decimal('113.236200'), Decimal('229.000000'), '047869')
08/09/2023 23:00:13 ('047870', Decimal('174.68220000000000000000'), Decimal('349.00000000000000000000'))
08/09/2023 23:00:13 ('047870', Decimal('174.682200'), Decimal('349.000000'), '047870')
08/09/2023 23:00:13 ('047871', Decimal('218.57220000000000000000'), Decimal('449.00000000000000000000'))
08/09/2023 23:00:13 ('047871', Decimal('218.572200'), Decimal('449.000000'), '047871')
08/09/2023 23:13:41 Ferdig
08/10/2023 23:13:27 Ferdig
08/11/2023 23:13:18 Ferdig
08/12/2023 23:13:28 Ferdig
08/13/2023 23:13:32 Ferdig
08/14/2023 23:00:13 ('015703', Decimal('73.08000000000000000000'), Decimal('129.00000000000000000000'))
08/14/2023 23:00:13 ('015703', Decimal('73.080000'), Decimal('129.000000'), '22980800')
08/14/2023 23:00:13 ('015700', Decimal('35.96000000000000000000'), Decimal('69.00000000000000000000'))
08/14/2023 23:00:13 ('015700', Decimal('35.960000'), Decimal('69.000000'), '22950800')
08/14/2023 23:00:13 ('015701', Decimal('54.52000000000000000000'), Decimal('99.00000000000000000000'))
08/14/2023 23:00:13 ('015701', Decimal('54.520000'), Decimal('99.000000'), '22970800')
08/14/2023 23:00:14 ('020157', Decimal('22.04000000000000000000'), Decimal('39.00000000000000000000'))
08/14/2023 23:00:14 ('020157', Decimal('22.040000'), Decimal('39.000000'), '51700800')
08/14/2023 23:00:14 ('020158', Decimal('32.48000000000000000000'), Decimal('59.00000000000000000000'))
08/14/2023 23:00:14 ('020158', Decimal('32.480000'), Decimal('59.000000'), '51710800')
08/14/2023 23:00:14 ('020159', Decimal('39.44000000000000000000'), Decimal('69.00000000000000000000'))
08/14/2023 23:00:14 ('020159', Decimal('39.440000'), Decimal('69.000000'), '51720800')
08/14/2023 23:00:14 ('020160', Decimal('33.64000000000000000000'), Decimal('69.00000000000000000000'))
08/14/2023 23:00:14 ('020160', Decimal('33.640000'), Decimal('69.000000'), '51730800')
08/14/2023 23:00:14 ('020147', Decimal('29.00000000000000000000'), Decimal('49.00000000000000000000'))
08/14/2023 23:00:14 ('020147', Decimal('29.000000'), Decimal('49.000000'), '28040801')
08/14/2023 23:00:14 ('031174', Decimal('26.68000000000000000000'), Decimal('39.00000000000000000000'))
08/14/2023 23:00:14 ('031174', Decimal('26.680000'), Decimal('39.000000'), '031174')
08/14/2023 23:00:15 ('031175', Decimal('52.20000000000000000000'), Decimal('89.00000000000000000000'))
08/14/2023 23:00:15 ('031175', Decimal('52.200000'), Decimal('89.000000'), '031175')
08/14/2023 23:13:40 Ferdig
08/15/2023 23:13:41 Ferdig
08/16/2023 23:00:13 ('029801', Decimal('160.63740000000000000000'), Decimal('179.00000000000000000000'))
08/16/2023 23:00:13 ('029801', Decimal('160.637400'), Decimal('179.000000'), '029801')
08/16/2023 23:13:36 Ferdig
08/17/2023 23:00:13 ('006977', Decimal('48.72000000000000000000'), Decimal('199.00000000000000000000'))
08/17/2023 23:00:13 ('006977', Decimal('48.720000'), Decimal('199.000000'), 'WP-8804NP-B')
08/17/2023 23:13:38 Ferdig
08/18/2023 23:00:13 ('030771', Decimal('112.86000000000000000000'), Decimal('179.00000000000000000000'))
08/18/2023 23:00:13 ('030771', Decimal('112.860000'), Decimal('179.000000'), '030771')
08/18/2023 23:13:35 Ferdig
08/19/2023 23:13:45 Ferdig
08/20/2023 23:13:50 Ferdig
08/21/2023 23:00:13 ('003158', Decimal('934.96000000000000000000'), Decimal('1999.00000000000000000000'))
08/21/2023 23:00:13 ('003158', Decimal('934.960000'), Decimal('1999.000000'), '39577')
08/21/2023 23:00:13 ('026036', Decimal('936.12000000000000000000'), Decimal('2199.00000000000000000000'))
08/21/2023 23:00:13 ('026036', Decimal('936.120000'), Decimal('2199.000000'), '51666')
08/21/2023 23:00:13 ('026039', Decimal('936.12000000000000000000'), Decimal('2199.00000000000000000000'))
08/21/2023 23:00:13 ('026039', Decimal('936.120000'), Decimal('2199.000000'), '51668')
08/21/2023 23:00:13 ('026042', Decimal('936.12000000000000000000'), Decimal('2199.00000000000000000000'))
08/21/2023 23:00:13 ('026042', Decimal('936.120000'), Decimal('2199.000000'), '52556')
08/21/2023 23:00:14 ('042457', Decimal('940.76000000000000000000'), Decimal('2299.00000000000000000000'))
08/21/2023 23:00:14 ('042457', Decimal('940.760000'), Decimal('2299.000000'), '042457')
08/21/2023 23:00:14 ('042450', Decimal('966.28000000000000000000'), Decimal('2399.00000000000000000000'))
08/21/2023 23:00:14 ('042450', Decimal('966.280000'), Decimal('2399.000000'), '042450')
08/21/2023 23:00:14 ('042454', Decimal('969.76000000000000000000'), Decimal('2399.00000000000000000000'))
08/21/2023 23:00:14 ('042454', Decimal('969.760000'), Decimal('2399.000000'), '042454')
08/21/2023 23:13:55 Ferdig
08/22/2023 23:00:14 ('015258', Decimal('189.30840000000000000000'), Decimal('349.00000000000000000000'))
08/22/2023 23:00:14 ('015258', Decimal('189.308400'), Decimal('349.000000'), '5210197')
08/22/2023 23:00:14 ('015281', Decimal('104.68620000000000000000'), Decimal('209.00000000000000000000'))
08/22/2023 23:00:14 ('015281', Decimal('104.686200'), Decimal('209.000000'), '5210231')
08/22/2023 23:00:14 ('015282', Decimal('243.97140000000000000000'), Decimal('525.00000000000000000000'))
08/22/2023 23:00:14 ('015282', Decimal('243.971400'), Decimal('525.000000'), '5210232')
08/22/2023 23:00:14 ('015269', Decimal('156.00900000000000000000'), Decimal('349.00000000000000000000'))
08/22/2023 23:00:14 ('015269', Decimal('156.009000'), Decimal('349.000000'), '5210248')
08/22/2023 23:00:14 ('015264', Decimal('97.59540000000000000000'), Decimal('229.00000000000000000000'))
08/22/2023 23:00:14 ('015264', Decimal('97.595400'), Decimal('229.000000'), '5210212')
08/22/2023 23:00:14 ('015340', Decimal('45.03000000000000000000'), Decimal('135.00000000000000000000'))
08/22/2023 23:00:14 ('015340', Decimal('45.030000'), Decimal('135.000000'), '5215520')
08/22/2023 23:00:14 ('015347', Decimal('316.13340000000000000000'), Decimal('565.00000000000000000000'))
08/22/2023 23:00:14 ('015347', Decimal('316.133400'), Decimal('565.000000'), '5209803')
08/22/2023 23:00:14 ('015348', Decimal('108.08340000000000000000'), Decimal('189.00000000000000000000'))
08/22/2023 23:00:14 ('015348', Decimal('108.083400'), Decimal('189.000000'), '5209804')
08/22/2023 23:00:15 ('015362', Decimal('148.25700000000000000000'), Decimal('265.00000000000000000000'))
08/22/2023 23:00:15 ('015362', Decimal('148.257000'), Decimal('265.000000'), '5207770')
08/22/2023 23:00:15 ('015396', Decimal('128.61480000000000000000'), Decimal('229.00000000000000000000'))
08/22/2023 23:00:15 ('015396', Decimal('128.614800'), Decimal('229.000000'), '5209931')
08/22/2023 23:00:15 ('015439', Decimal('95.47500000000000000000'), Decimal('189.00000000000000000000'))
08/22/2023 23:00:15 ('015439', Decimal('95.475000'), Decimal('189.000000'), '5209819')
08/22/2023 23:00:15 ('015368', Decimal('148.25700000000000000000'), Decimal('265.00000000000000000000'))
08/22/2023 23:00:15 ('015368', Decimal('148.257000'), Decimal('265.000000'), '5207763')
08/22/2023 23:00:15 ('015454', Decimal('966.18420000000000000000'), Decimal('1689.00000000000000000000'))
08/22/2023 23:00:15 ('015454', Decimal('966.184200'), Decimal('1689.000000'), '5238789')
08/22/2023 23:00:15 ('015455', Decimal('147.37920000000000000000'), Decimal('265.00000000000000000000'))
08/22/2023 23:00:15 ('015455', Decimal('147.379200'), Decimal('265.000000'), '5238790')
08/22/2023 23:00:15 ('015458', Decimal('147.37920000000000000000'), Decimal('265.00000000000000000000'))
08/22/2023 23:00:15 ('015458', Decimal('147.379200'), Decimal('265.000000'), '5238854')
08/22/2023 23:00:15 ('015508', Decimal('689.40360000000000000000'), Decimal('1169.00000000000000000000'))
08/22/2023 23:00:15 ('015508', Decimal('689.403600'), Decimal('1169.000000'), '5207735')
08/22/2023 23:00:15 ('015534', Decimal('91.10880000000000000000'), Decimal('179.00000000000000000000'))
08/22/2023 23:00:15 ('015534', Decimal('91.108800'), Decimal('179.000000'), '5207616')
08/22/2023 23:00:17 ('030800', Decimal('843.26940000000000000000'), Decimal('1439.00000000000000000000'))
08/22/2023 23:00:17 ('030800', Decimal('843.269400'), Decimal('1439.000000'), '030800')
08/22/2023 23:00:17 ('030842', Decimal('383.89500000000000000000'), Decimal('659.00000000000000000000'))
08/22/2023 23:00:17 ('030842', Decimal('383.895000'), Decimal('659.000000'), '030842')
08/22/2023 23:00:17 ('030837', Decimal('304.64220000000000000000'), Decimal('579.00000000000000000000'))
08/22/2023 23:00:17 ('030837', Decimal('304.642200'), Decimal('579.000000'), '030837')
08/22/2023 23:00:17 ('030840', Decimal('302.81820000000000000000'), Decimal('579.00000000000000000000'))
08/22/2023 23:00:17 ('030840', Decimal('302.818200'), Decimal('579.000000'), '030840')
08/22/2023 23:00:18 ('039743', Decimal('15.96000000000000000000'), Decimal('39.00000000000000000000'))
08/22/2023 23:00:18 ('039743', Decimal('15.960000'), Decimal('39.000000'), '039743')
08/22/2023 23:00:18 ('039744', Decimal('15.96000000000000000000'), Decimal('39.00000000000000000000'))
08/22/2023 23:00:18 ('039744', Decimal('15.960000'), Decimal('39.000000'), '039744')
08/22/2023 23:00:18 ('039745', Decimal('15.96000000000000000000'), Decimal('39.00000000000000000000'))
08/22/2023 23:00:18 ('039745', Decimal('15.960000'), Decimal('39.000000'), '039745')
08/22/2023 23:00:18 ('039746', Decimal('15.96000000000000000000'), Decimal('39.00000000000000000000'))
08/22/2023 23:00:18 ('039746', Decimal('15.960000'), Decimal('39.000000'), '039746')
08/22/2023 23:00:18 ('039747', Decimal('15.96000000000000000000'), Decimal('39.00000000000000000000'))
08/22/2023 23:00:18 ('039747', Decimal('15.960000'), Decimal('39.000000'), '039747')
08/22/2023 23:00:18 ('039748', Decimal('15.96000000000000000000'), Decimal('39.00000000000000000000'))
08/22/2023 23:00:18 ('039748', Decimal('15.960000'), Decimal('39.000000'), '039748')
08/22/2023 23:00:18 ('039749', Decimal('15.96000000000000000000'), Decimal('39.00000000000000000000'))
08/22/2023 23:00:18 ('039749', Decimal('15.960000'), Decimal('39.000000'), '039749')
08/22/2023 23:00:18 ('039750', Decimal('15.96000000000000000000'), Decimal('39.00000000000000000000'))
08/22/2023 23:00:18 ('039750', Decimal('15.960000'), Decimal('39.000000'), '039750')
08/22/2023 23:00:18 ('039751', Decimal('15.96000000000000000000'), Decimal('39.00000000000000000000'))
08/22/2023 23:00:18 ('039751', Decimal('15.960000'), Decimal('39.000000'), '039751')
08/22/2023 23:00:19 ('039753', Decimal('15.96000000000000000000'), Decimal('39.00000000000000000000'))
08/22/2023 23:00:19 ('039753', Decimal('15.960000'), Decimal('39.000000'), '039753')
08/22/2023 23:00:19 ('043411', Decimal('17.10000000000000000000'), Decimal('39.00000000000000000000'))
08/22/2023 23:00:19 ('043411', Decimal('17.100000'), Decimal('39.000000'), '043411')
08/22/2023 23:14:03 Ferdig
08/23/2023 23:00:14 ('045811', Decimal('79.80000000000000000000'), Decimal('99.00000000000000000000'))
08/23/2023 23:00:14 ('045811', Decimal('79.800000'), Decimal('99.000000'), '045811')
08/23/2023 23:14:03 Ferdig
08/24/2023 23:00:13 ('005461', Decimal('4412.37000000000000000000'), Decimal('4995.00000000000000000000'))
08/24/2023 23:00:13 ('005461', Decimal('4412.370000'), Decimal('4995.000000'), '8025141')
08/24/2023 23:00:13 ('005467', Decimal('5876.92800000000000000000'), Decimal('7805.00000000000000000000'))
08/24/2023 23:00:13 ('005467', Decimal('5876.928000'), Decimal('7805.000000'), '8025209')
08/24/2023 23:00:13 ('018435', Decimal('6212.77200000000000000000'), Decimal('7056.00000000000000000000'))
08/24/2023 23:00:13 ('018435', Decimal('6212.772000'), Decimal('7056.000000'), '8025143')
08/24/2023 23:00:13 ('018509', Decimal('4706.26200000000000000000'), Decimal('6305.00000000000000000000'))
08/24/2023 23:00:13 ('018509', Decimal('4706.262000'), Decimal('6305.000000'), '8025144')
08/24/2023 23:00:14 ('020264', Decimal('7139.59200000000000000000'), Decimal('9950.00000000000000000000'))
08/24/2023 23:00:14 ('020264', Decimal('7139.592000'), Decimal('9950.000000'), '8025222')
08/24/2023 23:00:14 ('020441', Decimal('4793.47200000000000000000'), Decimal('6199.00000000000000000000'))
08/24/2023 23:00:14 ('020441', Decimal('4793.472000'), Decimal('6199.000000'), '8026218')
08/24/2023 23:00:14 ('027598', Decimal('4643.56200000000000000000'), Decimal('5490.00000000000000000000'))
08/24/2023 23:00:14 ('027598', Decimal('4643.562000'), Decimal('5490.000000'), '8025014')
08/24/2023 23:13:45 Ferdig
08/25/2023 23:00:13 ('003707', Decimal('51.30000000000000000000'), Decimal('64.00000000000000000000'))
08/25/2023 23:00:13 ('003707', Decimal('51.300000'), Decimal('64.000000'), 'EDSIJ')
08/25/2023 23:00:13 ('003708', Decimal('56.77200000000000000000'), Decimal('68.00000000000000000000'))
08/25/2023 23:00:13 ('003708', Decimal('56.772000'), Decimal('68.000000'), 'EDSJ')
08/25/2023 23:13:59 Ferdig
